<?xml version="1.0" encoding="UTF-8"?>
<testsuite xmlns:xsi="http://www.w3.org/2001/XMLSchema-instance" xsi:noNamespaceSchemaLocation="https://maven.apache.org/surefire/maven-surefire-plugin/xsd/surefire-test-report-3.0.xsd" version="3.0" name="com.shantdashjian.customerservice.CustomerServiceApplicationTests" time="8.638" tests="1" errors="0" skipped="0" failures="0">
  <properties>
[...]
</properties>
  <testcase name="contextLoads" classname="com.shantdashjian.customerservice.CustomerServiceApplicationTests" time="4.125">
    <system-out><![CDATA[19:23:04.561 [main] INFO org.springframework.test.context.support.AnnotationConfigContextLoaderUtils -- Could not detect default configuration classes for test class [com.shantdashjian.customerservice.CustomerServiceApplicationTests]: CustomerServiceApplicationTests does not declare any static, non-private, non-final, nested classes annotated with @Configuration.
19:23:04.930 [main] INFO org.springframework.boot.test.context.SpringBootTestContextBootstrapper -- Found @SpringBootConfiguration com.shantdashjian.customerservice.CustomerServiceApplication for test class com.shantdashjian.customerservice.CustomerServiceApplicationTests

  .   ____          _            __ _ _
 /\\ / ___'_ __ _ _(_)_ __  __ _ \ \ \ \
( ( )\___ | '_ | '_| | '_ \/ _` | \ \ \ \
 \\/  ___)| |_)| | | | | || (_| |  ) ) ) )
  '  |____| .__|_| |_|_| |_\__, | / / / /
 =========|_|==============|___/=/_/_/_/
 :: Spring Boot ::       (v3.3.0-SNAPSHOT)

2024-02-01T19:23:05.803+04:00  INFO 55423 --- [           main] c.s.c.CustomerServiceApplicationTests    : Starting CustomerServiceApplicationTests using Java 17.0.4.1 with PID 55423 (started by shantdashjian in /Users/shantdashjian/project/customer-service)
2024-02-01T19:23:05.806+04:00  INFO 55423 --- [           main] c.s.c.CustomerServiceApplicationTests    : No active profile set, falling back to 1 default profile: "default"
2024-02-01T19:23:08.598+04:00  INFO 55423 --- [           main] c.s.c.CustomerServiceApplicationTests    : Started CustomerServiceApplicationTests in 3.244 seconds (process running for 5.419)
]]></system-out>
  </testcase>
</testsuite>